Using pre-set license
Built from '2020.3/release' branch; Version is '2020.3.12f1 (b3b2c6512326) revision 11776710'; Using compiler version '192528614'; Build Type 'Release'
OS: 'Windows 10 Home; OS build 19042.1110; Version 2009; 64bit' Language: 'zh' Physical Memory: 32684 MB
BatchMode: 1, IsHumanControllingUs: 0, StartBugReporterOnCrash: 0, Is64bit: 1, IsPro: 0

 COMMAND LINE ARGUMENTS:
D:\Unity\2020.3.12f1\Editor\Unity.exe
-adb2
-batchMode
-noUpm
-name
AssetImportWorker0
-projectPath
D:/Unity_Assignment/Week4_Assignment_Monster/Week4_Assignment_Monster
-logFile
Logs/AssetImportWorker0.log
-srvPort
57626
Successfully changed project path to: D:/Unity_Assignment/Week4_Assignment_Monster/Week4_Assignment_Monster
D:/Unity_Assignment/Week4_Assignment_Monster/Week4_Assignment_Monster
Using Asset Import Pipeline V2.
Refreshing native plugins compatible for Editor in 34.76 ms, found 3 plugins.
Preloading 0 native plugins for Editor in 0.00 ms.
Initialize engine version: 2020.3.12f1 (b3b2c6512326)
[Subsystems] Discovering subsystems at path D:/Unity/2020.3.12f1/Editor/Data/Resources/UnitySubsystems
[Subsystems] Discovering subsystems at path D:/Unity_Assignment/Week4_Assignment_Monster/Week4_Assignment_Monster/Assets
GfxDevice: creating device client; threaded=0
Direct3D:
    Version:  Direct3D 11.0 [level 11.1]
    Renderer: AMD Radeon VII (ID=0x66af)
    Vendor:   
    VRAM:     16311 MB
    Driver:   27.20.22001.14011
Initialize mono
Mono path[0] = 'D:/Unity/2020.3.12f1/Editor/Data/Managed'
Mono path[1] = 'D:/Unity/2020.3.12f1/Editor/Data/MonoBleedingEdge/lib/mono/unityjit'
Mono config path = 'D:/Unity/2020.3.12f1/Editor/Data/MonoBleedingEdge/etc'
Using monoOptions --debugger-agent=transport=dt_socket,embedding=1,server=y,suspend=n,address=127.0.0.1:56068
Begin MonoManager ReloadAssembly
Registering precompiled unity dll's ...
Register platform support module: D:/Unity/2020.3.12f1/Editor/Data/PlaybackEngines/WindowsStandaloneSupport/UnityEditor.WindowsStandalone.Extensions.dll
Registered in 0.001012 seconds.
Native extension for WindowsStandalone target not found
Refreshing native plugins compatible for Editor in 34.81 ms, found 3 plugins.
Preloading 0 native plugins for Editor in 0.00 ms.
Mono: successfully reloaded assembly
- Completed reload, in  0.867 seconds
Platform modules already initialized, skipping
Registering precompiled user dll's ...
Registered in 0.002878 seconds.
Begin MonoManager ReloadAssembly
Native extension for WindowsStandalone target not found
Refreshing native plugins compatible for Editor in 35.16 ms, found 3 plugins.
Preloading 0 native plugins for Editor in 0.00 ms.
Mono: successfully reloaded assembly
- Completed reload, in  0.887 seconds
Platform modules already initialized, skipping
========================================================================
Worker process is ready to serve import requests
Launched and connected shader compiler UnityShaderCompiler.exe after 0.04 seconds
Refreshing native plugins compatible for Editor in 0.43 ms, found 3 plugins.
Preloading 0 native plugins for Editor in 0.00 ms.
Unloading 2080 Unused Serialized files (Serialized files now loaded: 0)
System memory in use before: 92.8 MB.
System memory in use after: 92.8 MB.

Unloading 33 unused Assets to reduce memory usage. Loaded Objects now: 2513.
Total: 1.896900 ms (FindLiveObjects: 0.198500 ms CreateObjectMapping: 0.046900 ms MarkObjects: 1.549300 ms  DeleteObjects: 0.101300 ms)

AssetImportParameters requested are different than current active one (requested -> active):
  custom:framework-win-MediaFoundation: 216162199b28c13a410421893ffa2e32 -> 
  custom:video-decoder-ogg-theora: a1e56fd34408186e4bbccfd4996cb3dc -> 
  custom:container-muxer-webm: aa71ff27fc2769a1b78a27578f13a17b -> 
  custom:container-demuxer-webm: 4f35f7cbe854078d1ac9338744f61a02 -> 
  custom:container-demuxer-ogg: 62fdf1f143b41e24485cea50d1cbac27 -> 
  custom:video-encoder-webm-vp8: eb34c28f22e8b96e1ab97ce403110664 -> 
  custom:video-decoder-webm-vp8: 9c59270c3fd7afecdb556c50c9e8de78 -> 
  custom:audio-decoder-ogg-vorbis: bf7c407c2cedff20999df2af8eb42d56 -> 
  custom:audio-encoder-webm-vorbis: bf7c407c2cedff20999df2af8eb42d56 -> 
========================================================================
Received Import Request.
  path: Assets/Skeleton Attack.gif
  artifactKey: Guid(843c5750cf2ff0148a3a878f441298b4) Importer(815301076,1909f56bfc062723c751e8b465ee728b)
Start importing Assets/Skeleton Attack.gif using Guid(843c5750cf2ff0148a3a878f441298b4) Importer(815301076,1909f56bfc062723c751e8b465ee728b)  -> (artifact id: '9eae58b514366320a3890c40bc34ad75') in 0.104613 seconds 
  Import took 0.107358 seconds .

========================================================================
Received Import Request.
  Time since last request: 0.023172 seconds.
  path: Assets/Skeleton Attack.gif
  artifactKey: Guid(843c5750cf2ff0148a3a878f441298b4) Importer(815301076,1909f56bfc062723c751e8b465ee728b)
Start importing Assets/Skeleton Attack.gif using Guid(843c5750cf2ff0148a3a878f441298b4) Importer(815301076,1909f56bfc062723c751e8b465ee728b)  -> (artifact id: '9eae58b514366320a3890c40bc34ad75') in 0.004388 seconds 
  Import took 0.007144 seconds .

========================================================================
Received Import Request.
  Time since last request: 26.816146 seconds.
  path: Assets
  artifactKey: Guid(00000000000000001000000000000000) Importer(815301076,1909f56bfc062723c751e8b465ee728b)
Start importing Assets using Guid(00000000000000001000000000000000) Importer(815301076,1909f56bfc062723c751e8b465ee728b)  -> (artifact id: '42d402b061de3733987d63b9cc3b64de') in 0.005628 seconds 
  Import took 0.008393 seconds .

========================================================================
Received Import Request.
  Time since last request: 6.077487 seconds.
  path: Assets/123
  artifactKey: Guid(d7e9e304fa55d3e47ae67f19ed09152f) Importer(815301076,1909f56bfc062723c751e8b465ee728b)
Start importing Assets/123 using Guid(d7e9e304fa55d3e47ae67f19ed09152f) Importer(815301076,1909f56bfc062723c751e8b465ee728b)  -> (artifact id: '805b5b94c35f73eff0e4f0f454740569') in 0.004869 seconds 
  Import took 0.007504 seconds .

========================================================================
Received Import Request.
  Time since last request: 4.570902 seconds.
  path: Assets/123/Skeleton Attack.prefab
  artifactKey: Guid(cd542c239a03bc343aeed021edeb2672) Importer(815301076,1909f56bfc062723c751e8b465ee728b)
Start importing Assets/123/Skeleton Attack.prefab using Guid(cd542c239a03bc343aeed021edeb2672) Importer(815301076,1909f56bfc062723c751e8b465ee728b)  -> (artifact id: '2fd71a30655a18fcbfd59dbe281d1e3f') in 0.026784 seconds 
  Import took 0.029694 seconds .

========================================================================
Received Import Request.
  Time since last request: 0.004709 seconds.
  path: Assets/123/Skeleton Attack.prefab
  artifactKey: Guid(cd542c239a03bc343aeed021edeb2672) Importer(815301076,1909f56bfc062723c751e8b465ee728b)
Start importing Assets/123/Skeleton Attack.prefab using Guid(cd542c239a03bc343aeed021edeb2672) Importer(815301076,1909f56bfc062723c751e8b465ee728b)  -> (artifact id: '2fd71a30655a18fcbfd59dbe281d1e3f') in 0.007859 seconds 
  Import took 0.010731 seconds .

========================================================================
Received Import Request.
  Time since last request: 22.138518 seconds.
  path: Assets/123/Skeleton Attack.gif
  artifactKey: Guid(843c5750cf2ff0148a3a878f441298b4) Importer(815301076,1909f56bfc062723c751e8b465ee728b)
Start importing Assets/123/Skeleton Attack.gif using Guid(843c5750cf2ff0148a3a878f441298b4) Importer(815301076,1909f56bfc062723c751e8b465ee728b)  -> (artifact id: '170cb2dceb57eebab1158169ca0bdf3f') in 0.008833 seconds 
  Import took 0.011653 seconds .

========================================================================
Received Import Request.
  Time since last request: 37.932282 seconds.
  path: Assets/Monster.cs
  artifactKey: Guid(a85f3225e50583043b843fde69e35460) Importer(815301076,1909f56bfc062723c751e8b465ee728b)
Start importing Assets/Monster.cs using Guid(a85f3225e50583043b843fde69e35460) Importer(815301076,1909f56bfc062723c751e8b465ee728b)  -> (artifact id: '450cc105559c19b196e028ac2970bdbe') in 0.013990 seconds 
  Import took 0.016946 seconds .

========================================================================
Received Prepare
Registering precompiled user dll's ...
Registered in 0.002947 seconds.
Begin MonoManager ReloadAssembly
Native extension for WindowsStandalone target not found
Refreshing native plugins compatible for Editor in 0.43 ms, found 3 plugins.
Preloading 0 native plugins for Editor in 0.00 ms.
Mono: successfully reloaded assembly
- Completed reload, in  0.796 seconds
Platform modules already initialized, skipping
Refreshing native plugins compatible for Editor in 0.41 ms, found 3 plugins.
Preloading 0 native plugins for Editor in 0.00 ms.
Unloading 2076 Unused Serialized files (Serialized files now loaded: 0)
System memory in use before: 95.8 MB.
System memory in use after: 95.8 MB.

Unloading 21 unused Assets to reduce memory usage. Loaded Objects now: 2528.
Total: 1.814300 ms (FindLiveObjects: 0.161700 ms CreateObjectMapping: 0.046200 ms MarkObjects: 1.524100 ms  DeleteObjects: 0.081400 ms)

AssetImportParameters requested are different than current active one (requested -> active):
  custom:framework-win-MediaFoundation: 216162199b28c13a410421893ffa2e32 -> 
  custom:video-decoder-ogg-theora: a1e56fd34408186e4bbccfd4996cb3dc -> 
  custom:container-muxer-webm: aa71ff27fc2769a1b78a27578f13a17b -> 
  custom:container-demuxer-webm: 4f35f7cbe854078d1ac9338744f61a02 -> 
  custom:container-demuxer-ogg: 62fdf1f143b41e24485cea50d1cbac27 -> 
  custom:video-encoder-webm-vp8: eb34c28f22e8b96e1ab97ce403110664 -> 
  custom:video-decoder-webm-vp8: 9c59270c3fd7afecdb556c50c9e8de78 -> 
  custom:audio-decoder-ogg-vorbis: bf7c407c2cedff20999df2af8eb42d56 -> 
  custom:audio-encoder-webm-vorbis: bf7c407c2cedff20999df2af8eb42d56 -> 
========================================================================
Received Prepare
Registering precompiled user dll's ...
Registered in 0.003400 seconds.
Begin MonoManager ReloadAssembly
Native extension for WindowsStandalone target not found
Refreshing native plugins compatible for Editor in 0.47 ms, found 3 plugins.
Preloading 0 native plugins for Editor in 0.00 ms.
Mono: successfully reloaded assembly
- Completed reload, in  0.786 seconds
Platform modules already initialized, skipping
Refreshing native plugins compatible for Editor in 0.43 ms, found 3 plugins.
Preloading 0 native plugins for Editor in 0.00 ms.
Unloading 2076 Unused Serialized files (Serialized files now loaded: 0)
System memory in use before: 95.8 MB.
System memory in use after: 95.8 MB.

Unloading 21 unused Assets to reduce memory usage. Loaded Objects now: 2532.
Total: 1.848600 ms (FindLiveObjects: 0.163900 ms CreateObjectMapping: 0.045700 ms MarkObjects: 1.549800 ms  DeleteObjects: 0.088300 ms)

AssetImportParameters requested are different than current active one (requested -> active):
  custom:framework-win-MediaFoundation: 216162199b28c13a410421893ffa2e32 -> 
  custom:video-decoder-ogg-theora: a1e56fd34408186e4bbccfd4996cb3dc -> 
  custom:container-muxer-webm: aa71ff27fc2769a1b78a27578f13a17b -> 
  custom:container-demuxer-webm: 4f35f7cbe854078d1ac9338744f61a02 -> 
  custom:container-demuxer-ogg: 62fdf1f143b41e24485cea50d1cbac27 -> 
  custom:video-encoder-webm-vp8: eb34c28f22e8b96e1ab97ce403110664 -> 
  custom:video-decoder-webm-vp8: 9c59270c3fd7afecdb556c50c9e8de78 -> 
  custom:audio-decoder-ogg-vorbis: bf7c407c2cedff20999df2af8eb42d56 -> 
  custom:audio-encoder-webm-vorbis: bf7c407c2cedff20999df2af8eb42d56 -> 
========================================================================
Received Import Request.
  Time since last request: 908.870163 seconds.
  path: Assets/Monster.cs
  artifactKey: Guid(a85f3225e50583043b843fde69e35460) Importer(815301076,1909f56bfc062723c751e8b465ee728b)
Start importing Assets/Monster.cs using Guid(a85f3225e50583043b843fde69e35460) Importer(815301076,1909f56bfc062723c751e8b465ee728b)  -> (artifact id: 'c19c12dadea20f4e19749d702c43649f') in 0.004494 seconds 
  Import took 0.007453 seconds .

========================================================================
Received Import Request.
  Time since last request: 81.733537 seconds.
  path: Assets/Scenes/SampleScene.unity
  artifactKey: Guid(2cda990e2423bbf4892e6590ba056729) Importer(815301076,1909f56bfc062723c751e8b465ee728b)
Start importing Assets/Scenes/SampleScene.unity using Guid(2cda990e2423bbf4892e6590ba056729) Importer(815301076,1909f56bfc062723c751e8b465ee728b)  -> (artifact id: 'de012b9d27d53aeb81377dff56fe2ec8') in 0.010424 seconds 
  Import took 0.013272 seconds .

AssetImportWorkerClient::OnTransportError - code=2 error=End of file
